2024/03/19 13:36:53 [emerg] 1#1: host not found in upstream "backend" in /etc/nginx/conf.d/default.conf:64
2024/03/25 06:35:51 [emerg] 1#1: host not found in upstream "backend" in /etc/nginx/conf.d/default.conf:64
2024/05/15 13:47:53 [emerg] 1#1: "server" directive is not allowed here in /etc/nginx/nginx.conf:13
2024/05/15 14:06:27 [emerg] 1#1: "server" directive is not allowed here in /etc/nginx/nginx.conf:14
2024/06/11 22:00:50 [error] 35#35: *15 upstream timed out (110: Operation timed out) while reading response header from upstream, client: 192.168.65.1, server: localhost, request: "POST /api/change-rating HTTP/1.1", upstream: "fastcgi://172.19.0.4:9000", host: "localhost:8000", referrer: "http://localhost:3000/"
2024/06/11 22:15:46 [error] 30#30: *65 upstream timed out (110: Operation timed out) while reading response header from upstream, client: 192.168.65.1, server: localhost, request: "POST /api/change-rating HTTP/1.1", upstream: "fastcgi://172.19.0.4:9000", host: "localhost:8000", referrer: "http://localhost:3000/"
2024/09/09 20:36:06 [emerg] 1#1: host not found in upstream "app" in /etc/nginx/conf.d/default.conf:11
2024/09/09 20:36:15 [emerg] 1#1: host not found in upstream "app" in /etc/nginx/conf.d/default.conf:11
2024/09/09 20:37:11 [notice] 1#1: using the "epoll" event method
2024/09/09 20:37:11 [notice] 1#1: nginx/1.27.1
2024/09/09 20:37:11 [notice] 1#1: built by gcc 13.2.1 20240309 (Alpine 13.2.1_git20240309) 
2024/09/09 20:37:11 [notice] 1#1: OS: Linux 6.6.22-linuxkit
2024/09/09 20:37:11 [notice] 1#1: getrlimit(RLIMIT_NOFILE): 1048576:1048576
2024/09/09 20:37:11 [notice] 1#1: start worker processes
2024/09/09 20:37:11 [notice] 1#1: start worker process 29
2024/09/09 20:37:11 [notice] 1#1: start worker process 30
2024/09/09 20:37:11 [notice] 1#1: start worker process 31
2024/09/09 20:37:11 [notice] 1#1: start worker process 32
2024/09/09 20:37:11 [notice] 1#1: start worker process 33
2024/09/09 20:37:11 [notice] 1#1: start worker process 34
2024/09/09 20:37:11 [notice] 1#1: start worker process 35
2024/09/09 20:37:11 [notice] 1#1: start worker process 36
2024/09/09 20:56:22 [notice] 1#1: signal 3 (SIGQUIT) received, shutting down
2024/09/09 20:56:22 [notice] 30#30: gracefully shutting down
2024/09/09 20:56:22 [notice] 29#29: gracefully shutting down
2024/09/09 20:56:22 [notice] 33#33: gracefully shutting down
2024/09/09 20:56:22 [notice] 29#29: exiting
2024/09/09 20:56:22 [notice] 36#36: gracefully shutting down
2024/09/09 20:56:22 [notice] 31#31: gracefully shutting down
2024/09/09 20:56:22 [notice] 34#34: gracefully shutting down
2024/09/09 20:56:22 [notice] 31#31: exiting
2024/09/09 20:56:22 [notice] 32#32: gracefully shutting down
2024/09/09 20:56:22 [notice] 34#34: exiting
2024/09/09 20:56:22 [notice] 35#35: gracefully shutting down
2024/09/09 20:56:22 [notice] 30#30: exiting
2024/09/09 20:56:22 [notice] 33#33: exiting
2024/09/09 20:56:22 [notice] 36#36: exiting
2024/09/09 20:56:22 [notice] 29#29: exit
2024/09/09 20:56:22 [notice] 31#31: exit
2024/09/09 20:56:22 [notice] 32#32: exiting
2024/09/09 20:56:22 [notice] 34#34: exit
2024/09/09 20:56:22 [notice] 35#35: exiting
2024/09/09 20:56:22 [notice] 30#30: exit
2024/09/09 20:56:22 [notice] 33#33: exit
2024/09/09 20:56:22 [notice] 36#36: exit
2024/09/09 20:56:22 [notice] 32#32: exit
2024/09/09 20:56:22 [notice] 35#35: exit
2024/09/09 20:56:22 [notice] 1#1: signal 17 (SIGCHLD) received from 29
2024/09/09 20:56:22 [notice] 1#1: worker process 29 exited with code 0
2024/09/09 20:56:22 [notice] 1#1: signal 29 (SIGIO) received
2024/09/09 20:56:22 [notice] 1#1: signal 17 (SIGCHLD) received from 36
2024/09/09 20:56:22 [notice] 1#1: worker process 30 exited with code 0
2024/09/09 20:56:22 [notice] 1#1: worker process 31 exited with code 0
2024/09/09 20:56:22 [notice] 1#1: worker process 32 exited with code 0
2024/09/09 20:56:22 [notice] 1#1: worker process 33 exited with code 0
2024/09/09 20:56:22 [notice] 1#1: worker process 34 exited with code 0
2024/09/09 20:56:22 [notice] 1#1: worker process 35 exited with code 0
2024/09/09 20:56:22 [notice] 1#1: worker process 36 exited with code 0
2024/09/09 20:56:22 [notice] 1#1: exit
2024/09/09 20:56:39 [notice] 1#1: using the "epoll" event method
2024/09/09 20:56:39 [notice] 1#1: nginx/1.27.1
2024/09/09 20:56:39 [notice] 1#1: built by gcc 13.2.1 20240309 (Alpine 13.2.1_git20240309) 
2024/09/09 20:56:39 [notice] 1#1: OS: Linux 6.6.22-linuxkit
2024/09/09 20:56:39 [notice] 1#1: getrlimit(RLIMIT_NOFILE): 1048576:1048576
2024/09/09 20:56:39 [notice] 1#1: start worker processes
2024/09/09 20:56:39 [notice] 1#1: start worker process 28
2024/09/09 20:56:39 [notice] 1#1: start worker process 29
2024/09/09 20:56:39 [notice] 1#1: start worker process 30
2024/09/09 20:56:39 [notice] 1#1: start worker process 31
2024/09/09 20:56:39 [notice] 1#1: start worker process 32
2024/09/09 20:56:39 [notice] 1#1: start worker process 33
2024/09/09 20:56:39 [notice] 1#1: start worker process 34
2024/09/09 20:56:39 [notice] 1#1: start worker process 35
2024/09/09 20:59:26 [notice] 1#1: signal 3 (SIGQUIT) received, shutting down
2024/09/09 20:59:26 [notice] 28#28: gracefully shutting down
2024/09/09 20:59:26 [notice] 32#32: gracefully shutting down
2024/09/09 20:59:26 [notice] 31#31: gracefully shutting down
2024/09/09 20:59:26 [notice] 30#30: gracefully shutting down
2024/09/09 20:59:26 [notice] 29#29: gracefully shutting down
2024/09/09 20:59:26 [notice] 33#33: gracefully shutting down
2024/09/09 20:59:26 [notice] 34#34: gracefully shutting down
2024/09/09 20:59:26 [notice] 35#35: gracefully shutting down
2024/09/09 20:59:26 [notice] 28#28: exiting
2024/09/09 20:59:26 [notice] 32#32: exiting
2024/09/09 20:59:26 [notice] 31#31: exiting
2024/09/09 20:59:26 [notice] 30#30: exiting
2024/09/09 20:59:26 [notice] 29#29: exiting
2024/09/09 20:59:26 [notice] 33#33: exiting
2024/09/09 20:59:26 [notice] 34#34: exiting
2024/09/09 20:59:26 [notice] 35#35: exiting
2024/09/09 20:59:26 [notice] 30#30: exit
2024/09/09 20:59:26 [notice] 28#28: exit
2024/09/09 20:59:26 [notice] 31#31: exit
2024/09/09 20:59:26 [notice] 32#32: exit
2024/09/09 20:59:26 [notice] 29#29: exit
2024/09/09 20:59:26 [notice] 33#33: exit
2024/09/09 20:59:26 [notice] 34#34: exit
2024/09/09 20:59:26 [notice] 35#35: exit
2024/09/09 20:59:26 [notice] 1#1: signal 17 (SIGCHLD) received from 29
2024/09/09 20:59:26 [notice] 1#1: worker process 28 exited with code 0
2024/09/09 20:59:26 [notice] 1#1: worker process 29 exited with code 0
2024/09/09 20:59:26 [notice] 1#1: worker process 30 exited with code 0
2024/09/09 20:59:26 [notice] 1#1: worker process 31 exited with code 0
2024/09/09 20:59:26 [notice] 1#1: worker process 32 exited with code 0
2024/09/09 20:59:26 [notice] 1#1: worker process 33 exited with code 0
2024/09/09 20:59:26 [notice] 1#1: worker process 34 exited with code 0
2024/09/09 20:59:26 [notice] 1#1: worker process 35 exited with code 0
2024/09/09 20:59:26 [notice] 1#1: exit
2024/09/09 20:59:47 [notice] 1#1: using the "epoll" event method
2024/09/09 20:59:47 [notice] 1#1: nginx/1.27.1
2024/09/09 20:59:47 [notice] 1#1: built by gcc 13.2.1 20240309 (Alpine 13.2.1_git20240309) 
2024/09/09 20:59:47 [notice] 1#1: OS: Linux 6.6.22-linuxkit
2024/09/09 20:59:47 [notice] 1#1: getrlimit(RLIMIT_NOFILE): 1048576:1048576
2024/09/09 20:59:47 [notice] 1#1: start worker processes
2024/09/09 20:59:47 [notice] 1#1: start worker process 29
2024/09/09 20:59:47 [notice] 1#1: start worker process 30
2024/09/09 20:59:47 [notice] 1#1: start worker process 31
2024/09/09 20:59:47 [notice] 1#1: start worker process 32
2024/09/09 20:59:47 [notice] 1#1: start worker process 33
2024/09/09 20:59:47 [notice] 1#1: start worker process 34
2024/09/09 20:59:47 [notice] 1#1: start worker process 35
2024/09/09 20:59:47 [notice] 1#1: start worker process 36
2024/09/09 21:00:52 [notice] 1#1: signal 3 (SIGQUIT) received, shutting down
2024/09/09 21:00:52 [notice] 30#30: gracefully shutting down
2024/09/09 21:00:52 [notice] 35#35: gracefully shutting down
2024/09/09 21:00:52 [notice] 29#29: gracefully shutting down
2024/09/09 21:00:52 [notice] 36#36: gracefully shutting down
2024/09/09 21:00:52 [notice] 34#34: gracefully shutting down
2024/09/09 21:00:52 [notice] 32#32: gracefully shutting down
2024/09/09 21:00:52 [notice] 33#33: gracefully shutting down
2024/09/09 21:00:52 [notice] 31#31: gracefully shutting down
2024/09/09 21:00:52 [notice] 29#29: exiting
2024/09/09 21:00:52 [notice] 30#30: exiting
2024/09/09 21:00:52 [notice] 35#35: exiting
2024/09/09 21:00:52 [notice] 29#29: exit
2024/09/09 21:00:52 [notice] 36#36: exiting
2024/09/09 21:00:52 [notice] 34#34: exiting
2024/09/09 21:00:52 [notice] 32#32: exiting
2024/09/09 21:00:52 [notice] 33#33: exiting
2024/09/09 21:00:52 [notice] 32#32: exit
2024/09/09 21:00:52 [notice] 31#31: exiting
2024/09/09 21:00:52 [notice] 30#30: exit
2024/09/09 21:00:52 [notice] 35#35: exit
2024/09/09 21:00:52 [notice] 36#36: exit
2024/09/09 21:00:52 [notice] 34#34: exit
2024/09/09 21:00:52 [notice] 33#33: exit
2024/09/09 21:00:52 [notice] 31#31: exit
2024/09/09 21:00:52 [notice] 1#1: signal 17 (SIGCHLD) received from 31
2024/09/09 21:00:52 [notice] 1#1: worker process 31 exited with code 0
2024/09/09 21:00:52 [notice] 1#1: signal 29 (SIGIO) received
2024/09/09 21:00:52 [notice] 1#1: signal 17 (SIGCHLD) received from 34
2024/09/09 21:00:52 [notice] 1#1: worker process 29 exited with code 0
2024/09/09 21:00:52 [notice] 1#1: worker process 30 exited with code 0
2024/09/09 21:00:52 [notice] 1#1: worker process 32 exited with code 0
2024/09/09 21:00:52 [notice] 1#1: worker process 33 exited with code 0
2024/09/09 21:00:52 [notice] 1#1: worker process 34 exited with code 0
2024/09/09 21:00:52 [notice] 1#1: worker process 35 exited with code 0
2024/09/09 21:00:52 [notice] 1#1: worker process 36 exited with code 0
2024/09/09 21:00:52 [notice] 1#1: exit
2024/09/09 21:01:12 [notice] 1#1: using the "epoll" event method
2024/09/09 21:01:12 [notice] 1#1: nginx/1.27.1
2024/09/09 21:01:12 [notice] 1#1: built by gcc 13.2.1 20240309 (Alpine 13.2.1_git20240309) 
2024/09/09 21:01:12 [notice] 1#1: OS: Linux 6.6.22-linuxkit
2024/09/09 21:01:12 [notice] 1#1: getrlimit(RLIMIT_NOFILE): 1048576:1048576
2024/09/09 21:01:12 [notice] 1#1: start worker processes
2024/09/09 21:01:12 [notice] 1#1: start worker process 29
2024/09/09 21:01:12 [notice] 1#1: start worker process 30
2024/09/09 21:01:12 [notice] 1#1: start worker process 31
2024/09/09 21:01:12 [notice] 1#1: start worker process 32
2024/09/09 21:01:12 [notice] 1#1: start worker process 33
2024/09/09 21:01:12 [notice] 1#1: start worker process 34
2024/09/09 21:01:12 [notice] 1#1: start worker process 35
2024/09/09 21:01:12 [notice] 1#1: start worker process 36
2024/09/09 21:04:21 [notice] 1#1: signal 3 (SIGQUIT) received, shutting down
2024/09/09 21:04:21 [notice] 29#29: gracefully shutting down
2024/09/09 21:04:21 [notice] 30#30: gracefully shutting down
2024/09/09 21:04:21 [notice] 32#32: gracefully shutting down
2024/09/09 21:04:21 [notice] 29#29: exiting
2024/09/09 21:04:21 [notice] 31#31: gracefully shutting down
2024/09/09 21:04:21 [notice] 33#33: gracefully shutting down
2024/09/09 21:04:21 [notice] 35#35: gracefully shutting down
2024/09/09 21:04:21 [notice] 36#36: gracefully shutting down
2024/09/09 21:04:21 [notice] 34#34: gracefully shutting down
2024/09/09 21:04:21 [notice] 30#30: exiting
2024/09/09 21:04:21 [notice] 32#32: exiting
2024/09/09 21:04:21 [notice] 31#31: exiting
2024/09/09 21:04:21 [notice] 30#30: exit
2024/09/09 21:04:21 [notice] 33#33: exiting
2024/09/09 21:04:21 [notice] 29#29: exit
2024/09/09 21:04:21 [notice] 35#35: exiting
2024/09/09 21:04:21 [notice] 36#36: exiting
2024/09/09 21:04:21 [notice] 34#34: exiting
2024/09/09 21:04:21 [notice] 32#32: exit
2024/09/09 21:04:21 [notice] 31#31: exit
2024/09/09 21:04:21 [notice] 33#33: exit
2024/09/09 21:04:21 [notice] 35#35: exit
2024/09/09 21:04:21 [notice] 36#36: exit
2024/09/09 21:04:21 [notice] 34#34: exit
2024/09/09 21:04:21 [notice] 1#1: signal 17 (SIGCHLD) received from 36
2024/09/09 21:04:21 [notice] 1#1: worker process 29 exited with code 0
2024/09/09 21:04:21 [notice] 1#1: worker process 36 exited with code 0
2024/09/09 21:04:21 [notice] 1#1: signal 29 (SIGIO) received
2024/09/09 21:04:21 [notice] 1#1: signal 17 (SIGCHLD) received from 35
2024/09/09 21:04:21 [notice] 1#1: worker process 30 exited with code 0
2024/09/09 21:04:21 [notice] 1#1: worker process 31 exited with code 0
2024/09/09 21:04:21 [notice] 1#1: worker process 32 exited with code 0
2024/09/09 21:04:21 [notice] 1#1: worker process 33 exited with code 0
2024/09/09 21:04:21 [notice] 1#1: worker process 34 exited with code 0
2024/09/09 21:04:21 [notice] 1#1: worker process 35 exited with code 0
2024/09/09 21:04:21 [notice] 1#1: exit
2024/09/09 21:04:39 [notice] 1#1: using the "epoll" event method
2024/09/09 21:04:39 [notice] 1#1: nginx/1.27.1
2024/09/09 21:04:39 [notice] 1#1: built by gcc 13.2.1 20240309 (Alpine 13.2.1_git20240309) 
2024/09/09 21:04:39 [notice] 1#1: OS: Linux 6.6.22-linuxkit
2024/09/09 21:04:39 [notice] 1#1: getrlimit(RLIMIT_NOFILE): 1048576:1048576
2024/09/09 21:04:39 [notice] 1#1: start worker processes
2024/09/09 21:04:39 [notice] 1#1: start worker process 29
2024/09/09 21:04:39 [notice] 1#1: start worker process 30
2024/09/09 21:04:39 [notice] 1#1: start worker process 31
2024/09/09 21:04:39 [notice] 1#1: start worker process 32
2024/09/09 21:04:39 [notice] 1#1: start worker process 33
2024/09/09 21:04:39 [notice] 1#1: start worker process 34
2024/09/09 21:04:39 [notice] 1#1: start worker process 35
2024/09/09 21:04:39 [notice] 1#1: start worker process 36
2024/09/09 21:06:37 [notice] 1#1: signal 3 (SIGQUIT) received, shutting down
2024/09/09 21:06:37 [notice] 32#32: gracefully shutting down
2024/09/09 21:06:37 [notice] 31#31: gracefully shutting down
2024/09/09 21:06:37 [notice] 35#35: gracefully shutting down
2024/09/09 21:06:37 [notice] 31#31: exiting
2024/09/09 21:06:37 [notice] 33#33: gracefully shutting down
2024/09/09 21:06:37 [notice] 29#29: gracefully shutting down
2024/09/09 21:06:37 [notice] 30#30: gracefully shutting down
2024/09/09 21:06:37 [notice] 34#34: gracefully shutting down
2024/09/09 21:06:37 [notice] 36#36: gracefully shutting down
2024/09/09 21:06:37 [notice] 32#32: exiting
2024/09/09 21:06:37 [notice] 33#33: exiting
2024/09/09 21:06:37 [notice] 35#35: exiting
2024/09/09 21:06:37 [notice] 31#31: exit
2024/09/09 21:06:37 [notice] 35#35: exit
2024/09/09 21:06:37 [notice] 29#29: exiting
2024/09/09 21:06:37 [notice] 30#30: exiting
2024/09/09 21:06:37 [notice] 29#29: exit
2024/09/09 21:06:37 [notice] 34#34: exiting
2024/09/09 21:06:37 [notice] 32#32: exit
2024/09/09 21:06:37 [notice] 36#36: exiting
2024/09/09 21:06:37 [notice] 33#33: exit
2024/09/09 21:06:37 [notice] 30#30: exit
2024/09/09 21:06:37 [notice] 34#34: exit
2024/09/09 21:06:37 [notice] 36#36: exit
2024/09/09 21:06:37 [notice] 1#1: signal 17 (SIGCHLD) received from 31
2024/09/09 21:06:37 [notice] 1#1: worker process 29 exited with code 0
2024/09/09 21:06:37 [notice] 1#1: worker process 30 exited with code 0
2024/09/09 21:06:37 [notice] 1#1: worker process 31 exited with code 0
2024/09/09 21:06:37 [notice] 1#1: worker process 32 exited with code 0
2024/09/09 21:06:37 [notice] 1#1: worker process 33 exited with code 0
2024/09/09 21:06:37 [notice] 1#1: worker process 35 exited with code 0
2024/09/09 21:06:37 [notice] 1#1: signal 29 (SIGIO) received
2024/09/09 21:06:37 [notice] 1#1: signal 17 (SIGCHLD) received from 32
2024/09/09 21:06:37 [notice] 1#1: signal 17 (SIGCHLD) received from 36
2024/09/09 21:06:37 [notice] 1#1: worker process 34 exited with code 0
2024/09/09 21:06:37 [notice] 1#1: worker process 36 exited with code 0
2024/09/09 21:06:37 [notice] 1#1: exit
2024/09/09 21:06:57 [notice] 1#1: using the "epoll" event method
2024/09/09 21:06:57 [notice] 1#1: nginx/1.27.1
2024/09/09 21:06:57 [notice] 1#1: built by gcc 13.2.1 20240309 (Alpine 13.2.1_git20240309) 
2024/09/09 21:06:57 [notice] 1#1: OS: Linux 6.6.22-linuxkit
2024/09/09 21:06:57 [notice] 1#1: getrlimit(RLIMIT_NOFILE): 1048576:1048576
2024/09/09 21:06:57 [notice] 1#1: start worker processes
2024/09/09 21:06:57 [notice] 1#1: start worker process 29
2024/09/09 21:06:57 [notice] 1#1: start worker process 30
2024/09/09 21:06:57 [notice] 1#1: start worker process 31
2024/09/09 21:06:57 [notice] 1#1: start worker process 32
2024/09/09 21:06:57 [notice] 1#1: start worker process 33
2024/09/09 21:06:57 [notice] 1#1: start worker process 34
2024/09/09 21:06:57 [notice] 1#1: start worker process 35
2024/09/09 21:06:57 [notice] 1#1: start worker process 36
2024/09/09 21:14:15 [notice] 1#1: signal 3 (SIGQUIT) received, shutting down
2024/09/09 21:14:15 [notice] 30#30: gracefully shutting down
2024/09/09 21:14:15 [notice] 29#29: gracefully shutting down
2024/09/09 21:14:15 [notice] 31#31: gracefully shutting down
2024/09/09 21:14:15 [notice] 29#29: exiting
2024/09/09 21:14:15 [notice] 34#34: gracefully shutting down
2024/09/09 21:14:15 [notice] 33#33: gracefully shutting down
2024/09/09 21:14:15 [notice] 36#36: gracefully shutting down
2024/09/09 21:14:15 [notice] 32#32: gracefully shutting down
2024/09/09 21:14:15 [notice] 35#35: gracefully shutting down
2024/09/09 21:14:15 [notice] 30#30: exiting
2024/09/09 21:14:15 [notice] 31#31: exiting
2024/09/09 21:14:15 [notice] 29#29: exit
2024/09/09 21:14:15 [notice] 34#34: exiting
2024/09/09 21:14:15 [notice] 33#33: exiting
2024/09/09 21:14:15 [notice] 36#36: exiting
2024/09/09 21:14:15 [notice] 32#32: exiting
2024/09/09 21:14:15 [notice] 35#35: exiting
2024/09/09 21:14:15 [notice] 30#30: exit
2024/09/09 21:14:15 [notice] 31#31: exit
2024/09/09 21:14:15 [notice] 34#34: exit
2024/09/09 21:14:15 [notice] 33#33: exit
2024/09/09 21:14:15 [notice] 36#36: exit
2024/09/09 21:14:15 [notice] 32#32: exit
2024/09/09 21:14:15 [notice] 35#35: exit
2024/09/09 21:14:15 [notice] 1#1: signal 17 (SIGCHLD) received from 32
2024/09/09 21:14:15 [notice] 1#1: worker process 29 exited with code 0
2024/09/09 21:14:15 [notice] 1#1: worker process 30 exited with code 0
2024/09/09 21:14:15 [notice] 1#1: worker process 31 exited with code 0
2024/09/09 21:14:15 [notice] 1#1: worker process 32 exited with code 0
2024/09/09 21:14:15 [notice] 1#1: worker process 33 exited with code 0
2024/09/09 21:14:15 [notice] 1#1: worker process 34 exited with code 0
2024/09/09 21:14:15 [notice] 1#1: worker process 35 exited with code 0
2024/09/09 21:14:15 [notice] 1#1: worker process 36 exited with code 0
2024/09/09 21:14:15 [notice] 1#1: exit
2024/09/09 21:14:15 [notice] 1#1: using the "epoll" event method
2024/09/09 21:14:15 [notice] 1#1: nginx/1.27.1
2024/09/09 21:14:15 [notice] 1#1: built by gcc 13.2.1 20240309 (Alpine 13.2.1_git20240309) 
2024/09/09 21:14:15 [notice] 1#1: OS: Linux 6.6.22-linuxkit
2024/09/09 21:14:15 [notice] 1#1: getrlimit(RLIMIT_NOFILE): 1048576:1048576
2024/09/09 21:14:15 [notice] 1#1: start worker processes
2024/09/09 21:14:15 [notice] 1#1: start worker process 28
2024/09/09 21:14:15 [notice] 1#1: start worker process 29
2024/09/09 21:14:15 [notice] 1#1: start worker process 30
2024/09/09 21:14:15 [notice] 1#1: start worker process 31
2024/09/09 21:14:15 [notice] 1#1: start worker process 32
2024/09/09 21:14:15 [notice] 1#1: start worker process 33
2024/09/09 21:14:15 [notice] 1#1: start worker process 34
2024/09/09 21:14:15 [notice] 1#1: start worker process 35
2024/09/09 21:17:28 [notice] 1#1: signal 3 (SIGQUIT) received, shutting down
2024/09/09 21:17:28 [notice] 35#35: gracefully shutting down
2024/09/09 21:17:28 [notice] 33#33: gracefully shutting down
2024/09/09 21:17:28 [notice] 29#29: gracefully shutting down
2024/09/09 21:17:28 [notice] 32#32: gracefully shutting down
2024/09/09 21:17:28 [notice] 34#34: gracefully shutting down
2024/09/09 21:17:28 [notice] 28#28: gracefully shutting down
2024/09/09 21:17:28 [notice] 31#31: gracefully shutting down
2024/09/09 21:17:28 [notice] 30#30: gracefully shutting down
2024/09/09 21:17:28 [notice] 35#35: exiting
2024/09/09 21:17:28 [notice] 33#33: exiting
2024/09/09 21:17:28 [notice] 35#35: exit
2024/09/09 21:17:28 [notice] 29#29: exiting
2024/09/09 21:17:28 [notice] 32#32: exiting
2024/09/09 21:17:28 [notice] 34#34: exiting
2024/09/09 21:17:28 [notice] 28#28: exiting
2024/09/09 21:17:28 [notice] 31#31: exiting
2024/09/09 21:17:28 [notice] 30#30: exiting
2024/09/09 21:17:28 [notice] 33#33: exit
2024/09/09 21:17:28 [notice] 29#29: exit
2024/09/09 21:17:28 [notice] 32#32: exit
2024/09/09 21:17:28 [notice] 34#34: exit
2024/09/09 21:17:28 [notice] 28#28: exit
2024/09/09 21:17:28 [notice] 31#31: exit
2024/09/09 21:17:28 [notice] 30#30: exit
2024/09/09 21:17:28 [notice] 1#1: signal 17 (SIGCHLD) received from 35
2024/09/09 21:17:28 [notice] 1#1: worker process 28 exited with code 0
2024/09/09 21:17:28 [notice] 1#1: worker process 29 exited with code 0
2024/09/09 21:17:28 [notice] 1#1: worker process 31 exited with code 0
2024/09/09 21:17:28 [notice] 1#1: worker process 32 exited with code 0
2024/09/09 21:17:28 [notice] 1#1: worker process 33 exited with code 0
2024/09/09 21:17:28 [notice] 1#1: worker process 34 exited with code 0
2024/09/09 21:17:28 [notice] 1#1: worker process 35 exited with code 0
2024/09/09 21:17:28 [notice] 1#1: signal 29 (SIGIO) received
2024/09/09 21:17:28 [notice] 1#1: signal 17 (SIGCHLD) received from 33
2024/09/09 21:17:28 [notice] 1#1: signal 17 (SIGCHLD) received from 30
2024/09/09 21:17:28 [notice] 1#1: worker process 30 exited with code 0
2024/09/09 21:17:28 [notice] 1#1: exit
2024/09/09 21:17:29 [notice] 1#1: using the "epoll" event method
2024/09/09 21:17:29 [notice] 1#1: nginx/1.27.1
2024/09/09 21:17:29 [notice] 1#1: built by gcc 13.2.1 20240309 (Alpine 13.2.1_git20240309) 
2024/09/09 21:17:29 [notice] 1#1: OS: Linux 6.6.22-linuxkit
2024/09/09 21:17:29 [notice] 1#1: getrlimit(RLIMIT_NOFILE): 1048576:1048576
2024/09/09 21:17:29 [notice] 1#1: start worker processes
2024/09/09 21:17:29 [notice] 1#1: start worker process 29
2024/09/09 21:17:29 [notice] 1#1: start worker process 30
2024/09/09 21:17:29 [notice] 1#1: start worker process 31
2024/09/09 21:17:29 [notice] 1#1: start worker process 32
2024/09/09 21:17:29 [notice] 1#1: start worker process 33
2024/09/09 21:17:29 [notice] 1#1: start worker process 34
2024/09/09 21:17:29 [notice] 1#1: start worker process 35
2024/09/09 21:17:29 [notice] 1#1: start worker process 36
2024/09/09 21:18:55 [notice] 1#1: signal 3 (SIGQUIT) received, shutting down
2024/09/09 21:18:55 [notice] 32#32: gracefully shutting down
2024/09/09 21:18:55 [notice] 31#31: gracefully shutting down
2024/09/09 21:18:55 [notice] 30#30: gracefully shutting down
2024/09/09 21:18:55 [notice] 31#31: exiting
2024/09/09 21:18:55 [notice] 33#33: gracefully shutting down
2024/09/09 21:18:55 [notice] 35#35: gracefully shutting down
2024/09/09 21:18:55 [notice] 29#29: gracefully shutting down
2024/09/09 21:18:55 [notice] 34#34: gracefully shutting down
2024/09/09 21:18:55 [notice] 36#36: gracefully shutting down
2024/09/09 21:18:55 [notice] 29#29: exiting
2024/09/09 21:18:55 [notice] 32#32: exiting
2024/09/09 21:18:55 [notice] 29#29: exit
2024/09/09 21:18:55 [notice] 30#30: exiting
2024/09/09 21:18:55 [notice] 31#31: exit
2024/09/09 21:18:55 [notice] 33#33: exiting
2024/09/09 21:18:55 [notice] 35#35: exiting
2024/09/09 21:18:55 [notice] 34#34: exiting
2024/09/09 21:18:55 [notice] 36#36: exiting
2024/09/09 21:18:55 [notice] 32#32: exit
2024/09/09 21:18:55 [notice] 30#30: exit
2024/09/09 21:18:55 [notice] 33#33: exit
2024/09/09 21:18:55 [notice] 35#35: exit
2024/09/09 21:18:55 [notice] 34#34: exit
2024/09/09 21:18:55 [notice] 36#36: exit
2024/09/09 21:18:55 [notice] 1#1: signal 17 (SIGCHLD) received from 29
2024/09/09 21:18:55 [notice] 1#1: worker process 29 exited with code 0
2024/09/09 21:18:55 [notice] 1#1: worker process 31 exited with code 0
2024/09/09 21:18:55 [notice] 1#1: signal 29 (SIGIO) received
2024/09/09 21:18:55 [notice] 1#1: signal 17 (SIGCHLD) received from 34
2024/09/09 21:18:55 [notice] 1#1: worker process 30 exited with code 0
2024/09/09 21:18:55 [notice] 1#1: worker process 32 exited with code 0
2024/09/09 21:18:55 [notice] 1#1: worker process 33 exited with code 0
2024/09/09 21:18:55 [notice] 1#1: worker process 34 exited with code 0
2024/09/09 21:18:55 [notice] 1#1: worker process 35 exited with code 0
2024/09/09 21:18:55 [notice] 1#1: worker process 36 exited with code 0
2024/09/09 21:18:55 [notice] 1#1: exit
2024/09/09 21:19:10 [notice] 1#1: using the "epoll" event method
2024/09/09 21:19:10 [notice] 1#1: nginx/1.27.1
2024/09/09 21:19:10 [notice] 1#1: built by gcc 13.2.1 20240309 (Alpine 13.2.1_git20240309) 
2024/09/09 21:19:10 [notice] 1#1: OS: Linux 6.6.22-linuxkit
2024/09/09 21:19:10 [notice] 1#1: getrlimit(RLIMIT_NOFILE): 1048576:1048576
2024/09/09 21:19:10 [notice] 1#1: start worker processes
2024/09/09 21:19:10 [notice] 1#1: start worker process 29
2024/09/09 21:19:10 [notice] 1#1: start worker process 30
2024/09/09 21:19:10 [notice] 1#1: start worker process 31
2024/09/09 21:19:10 [notice] 1#1: start worker process 32
2024/09/09 21:19:10 [notice] 1#1: start worker process 33
2024/09/09 21:19:10 [notice] 1#1: start worker process 34
2024/09/09 21:19:10 [notice] 1#1: start worker process 35
2024/09/09 21:19:10 [notice] 1#1: start worker process 36
2024/09/09 21:36:43 [notice] 1#1: signal 3 (SIGQUIT) received, shutting down
2024/09/09 21:36:43 [notice] 29#29: gracefully shutting down
2024/09/09 21:36:43 [notice] 30#30: gracefully shutting down
2024/09/09 21:36:43 [notice] 36#36: gracefully shutting down
2024/09/09 21:36:43 [notice] 34#34: gracefully shutting down
2024/09/09 21:36:43 [notice] 32#32: gracefully shutting down
2024/09/09 21:36:43 [notice] 34#34: exiting
2024/09/09 21:36:43 [notice] 33#33: gracefully shutting down
2024/09/09 21:36:43 [notice] 31#31: gracefully shutting down
2024/09/09 21:36:43 [notice] 35#35: gracefully shutting down
2024/09/09 21:36:43 [notice] 29#29: exiting
2024/09/09 21:36:43 [notice] 30#30: exiting
2024/09/09 21:36:43 [notice] 36#36: exiting
2024/09/09 21:36:43 [notice] 32#32: exiting
2024/09/09 21:36:43 [notice] 34#34: exit
2024/09/09 21:36:43 [notice] 33#33: exiting
2024/09/09 21:36:43 [notice] 31#31: exiting
2024/09/09 21:36:43 [notice] 35#35: exiting
2024/09/09 21:36:43 [notice] 29#29: exit
2024/09/09 21:36:43 [notice] 30#30: exit
2024/09/09 21:36:43 [notice] 36#36: exit
2024/09/09 21:36:43 [notice] 32#32: exit
2024/09/09 21:36:43 [notice] 33#33: exit
2024/09/09 21:36:43 [notice] 31#31: exit
2024/09/09 21:36:43 [notice] 35#35: exit
2024/09/09 21:36:43 [notice] 1#1: signal 17 (SIGCHLD) received from 34
2024/09/09 21:36:43 [notice] 1#1: worker process 29 exited with code 0
2024/09/09 21:36:43 [notice] 1#1: worker process 30 exited with code 0
2024/09/09 21:36:43 [notice] 1#1: worker process 31 exited with code 0
2024/09/09 21:36:43 [notice] 1#1: worker process 32 exited with code 0
2024/09/09 21:36:43 [notice] 1#1: worker process 33 exited with code 0
2024/09/09 21:36:43 [notice] 1#1: worker process 34 exited with code 0
2024/09/09 21:36:43 [notice] 1#1: worker process 35 exited with code 0
2024/09/09 21:36:43 [notice] 1#1: worker process 36 exited with code 0
2024/09/09 21:36:43 [notice] 1#1: exit
2024/09/09 21:37:07 [notice] 1#1: using the "epoll" event method
2024/09/09 21:37:07 [notice] 1#1: nginx/1.27.1
2024/09/09 21:37:07 [notice] 1#1: built by gcc 13.2.1 20240309 (Alpine 13.2.1_git20240309) 
2024/09/09 21:37:07 [notice] 1#1: OS: Linux 6.6.22-linuxkit
2024/09/09 21:37:07 [notice] 1#1: getrlimit(RLIMIT_NOFILE): 1048576:1048576
2024/09/09 21:37:07 [notice] 1#1: start worker processes
2024/09/09 21:37:07 [notice] 1#1: start worker process 29
2024/09/09 21:37:07 [notice] 1#1: start worker process 30
2024/09/09 21:37:07 [notice] 1#1: start worker process 31
2024/09/09 21:37:07 [notice] 1#1: start worker process 32
2024/09/09 21:37:07 [notice] 1#1: start worker process 33
2024/09/09 21:37:07 [notice] 1#1: start worker process 34
2024/09/09 21:37:07 [notice] 1#1: start worker process 35
2024/09/09 21:37:07 [notice] 1#1: start worker process 36
2024/09/09 21:42:33 [notice] 1#1: signal 3 (SIGQUIT) received, shutting down
2024/09/09 21:42:33 [notice] 29#29: gracefully shutting down
2024/09/09 21:42:33 [notice] 30#30: gracefully shutting down
2024/09/09 21:42:33 [notice] 33#33: gracefully shutting down
2024/09/09 21:42:33 [notice] 35#35: gracefully shutting down
2024/09/09 21:42:33 [notice] 34#34: gracefully shutting down
2024/09/09 21:42:33 [notice] 32#32: gracefully shutting down
2024/09/09 21:42:33 [notice] 35#35: exiting
2024/09/09 21:42:33 [notice] 36#36: gracefully shutting down
2024/09/09 21:42:33 [notice] 31#31: gracefully shutting down
2024/09/09 21:42:33 [notice] 29#29: exiting
2024/09/09 21:42:33 [notice] 30#30: exiting
2024/09/09 21:42:33 [notice] 33#33: exiting
2024/09/09 21:42:33 [notice] 34#34: exiting
2024/09/09 21:42:33 [notice] 32#32: exiting
2024/09/09 21:42:33 [notice] 33#33: exit
2024/09/09 21:42:33 [notice] 36#36: exiting
2024/09/09 21:42:33 [notice] 31#31: exiting
2024/09/09 21:42:33 [notice] 35#35: exit
2024/09/09 21:42:33 [notice] 29#29: exit
2024/09/09 21:42:33 [notice] 30#30: exit
2024/09/09 21:42:33 [notice] 34#34: exit
2024/09/09 21:42:33 [notice] 32#32: exit
2024/09/09 21:42:33 [notice] 36#36: exit
2024/09/09 21:42:33 [notice] 31#31: exit
2024/09/09 21:42:33 [notice] 1#1: signal 17 (SIGCHLD) received from 36
2024/09/09 21:42:33 [notice] 1#1: worker process 29 exited with code 0
2024/09/09 21:42:33 [notice] 1#1: worker process 30 exited with code 0
2024/09/09 21:42:33 [notice] 1#1: worker process 31 exited with code 0
2024/09/09 21:42:33 [notice] 1#1: worker process 32 exited with code 0
2024/09/09 21:42:33 [notice] 1#1: worker process 33 exited with code 0
2024/09/09 21:42:33 [notice] 1#1: worker process 34 exited with code 0
2024/09/09 21:42:33 [notice] 1#1: worker process 35 exited with code 0
2024/09/09 21:42:33 [notice] 1#1: worker process 36 exited with code 0
2024/09/09 21:42:33 [notice] 1#1: exit
2024/09/09 21:43:11 [notice] 1#1: using the "epoll" event method
2024/09/09 21:43:11 [notice] 1#1: nginx/1.27.1
2024/09/09 21:43:11 [notice] 1#1: built by gcc 13.2.1 20240309 (Alpine 13.2.1_git20240309) 
2024/09/09 21:43:11 [notice] 1#1: OS: Linux 6.6.22-linuxkit
2024/09/09 21:43:11 [notice] 1#1: getrlimit(RLIMIT_NOFILE): 1048576:1048576
2024/09/09 21:43:11 [notice] 1#1: start worker processes
2024/09/09 21:43:11 [notice] 1#1: start worker process 28
2024/09/09 21:43:11 [notice] 1#1: start worker process 29
2024/09/09 21:43:11 [notice] 1#1: start worker process 30
2024/09/09 21:43:11 [notice] 1#1: start worker process 31
2024/09/09 21:43:11 [notice] 1#1: start worker process 32
2024/09/09 21:43:11 [notice] 1#1: start worker process 33
2024/09/09 21:43:11 [notice] 1#1: start worker process 34
2024/09/09 21:43:11 [notice] 1#1: start worker process 35
